WARNING  2023-11-10 23:33:47 root     |> #=================================================================================#;
WARNING  2023-11-10 23:33:47 root     |> |                                   APP STARTED                                   |;
WARNING  2023-11-10 23:33:47 root     |> #=================================================================================#;
WARNING  2023-11-10 23:33:55 root     |> DATABASE CONNECTED SUCCESSFULLY;
INFO     2023-11-10 23:33:55 root     |> New record, params: (datetime.datetime(2023, 11, 10, 23, 33, 55, 447973), 'C:/Users/admin/Desktop/1.png');
INFO     2023-11-10 23:33:58 root     |> New record, params: (datetime.datetime(2023, 11, 10, 23, 33, 58, 304144), 'C:/Users/admin/Desktop/2.png');
INFO     2023-11-10 23:34:00 root     |> New record, params: (datetime.datetime(2023, 11, 10, 23, 34, 0, 655007), 'C:/Users/admin/Desktop/33.png');
INFO     2023-11-10 23:34:02 root     |> New record, params: (datetime.datetime(2023, 11, 10, 23, 34, 2, 653468), 'C:/Users/admin/Desktop/4.png');
WARNING  2023-11-10 23:34:04 root     |> #================================================================================#;
WARNING  2023-11-10 23:34:04 root     |> |                                   APP CLOSED                                   |;
WARNING  2023-11-10 23:34:04 root     |> #================================================================================#;
WARNING  2023-11-10 23:34:04 root     |> DATABASE DISCONNECTED SUCCESSFULLY;
WARNING  2023-11-10 23:34:06 root     |> #=================================================================================#;
WARNING  2023-11-10 23:34:06 root     |> |                                   APP STARTED                                   |;
WARNING  2023-11-10 23:34:06 root     |> #=================================================================================#;
WARNING  2023-11-10 23:34:08 root     |> #================================================================================#;
WARNING  2023-11-10 23:34:08 root     |> |                                   APP CLOSED                                   |;
WARNING  2023-11-10 23:34:08 root     |> #================================================================================#;
WARNING  2023-11-10 23:34:39 root     |> #=================================================================================#;
WARNING  2023-11-10 23:34:39 root     |> |                                   APP STARTED                                   |;
WARNING  2023-11-10 23:34:39 root     |> #=================================================================================#;
WARNING  2023-11-10 23:34:40 root     |> #================================================================================#;
WARNING  2023-11-10 23:34:40 root     |> |                                   APP CLOSED                                   |;
WARNING  2023-11-10 23:34:40 root     |> #================================================================================#;
WARNING  2023-11-10 23:41:45 root     |> #=================================================================================#;
WARNING  2023-11-10 23:41:45 root     |> |                                   APP STARTED                                   |;
WARNING  2023-11-10 23:41:45 root     |> #=================================================================================#;
WARNING  2023-11-10 23:41:49 root     |> #================================================================================#;
WARNING  2023-11-10 23:41:49 root     |> |                                   APP CLOSED                                   |;
WARNING  2023-11-10 23:41:49 root     |> #================================================================================#;
